  Game.cpp
c:\users\mike\documents\github\dailyprojects_c\finalproject\gameprogram\gameprogram\game.cpp(7): error C2079: 'warGame' uses undefined class 'War'
c:\users\mike\documents\github\dailyprojects_c\finalproject\gameprogram\gameprogram\game.cpp(8): error C2079: 'fishGame' uses undefined class 'GoFish'
  GameProgram.cpp
  Menu.cpp
c:\users\mike\documents\github\dailyprojects_c\finalproject\gameprogram\gameprogram\menu.cpp(50): warning C4244: 'initializing': conversion from 'float' to 'int', possible loss of data
c:\users\mike\documents\github\dailyprojects_c\finalproject\gameprogram\gameprogram\menu.cpp(51): warning C4244: 'initializing': conversion from 'float' to 'int', possible loss of data
c:\users\mike\documents\github\dailyprojects_c\finalproject\gameprogram\gameprogram\menu.cpp(52): warning C4244: 'argument': conversion from 'time_t' to 'unsigned int', possible loss of data
c:\users\mike\documents\github\dailyprojects_c\finalproject\gameprogram\gameprogram\menu.cpp(55): warning C4244: 'initializing': conversion from 'int' to 'float', possible loss of data
c:\users\mike\documents\github\dailyprojects_c\finalproject\gameprogram\gameprogram\menu.cpp(57): warning C4244: 'argument': conversion from 'float' to 'DWORD', possible loss of data
c:\users\mike\documents\github\dailyprojects_c\finalproject\gameprogram\gameprogram\menu.cpp(64): warning C4305: 'argument': truncation from 'double' to 'float'
c:\users\mike\documents\github\dailyprojects_c\finalproject\gameprogram\gameprogram\menu.cpp(66): warning C4305: 'argument': truncation from 'double' to 'float'
c:\users\mike\documents\github\dailyprojects_c\finalproject\gameprogram\gameprogram\menu.cpp(69): warning C4305: 'argument': truncation from 'double' to 'float'
c:\users\mike\documents\github\dailyprojects_c\finalproject\gameprogram\gameprogram\menu.cpp(71): warning C4305: 'argument': truncation from 'double' to 'float'
c:\users\mike\documents\github\dailyprojects_c\finalproject\gameprogram\gameprogram\menu.cpp(81): error C2065: 'warGame': undeclared identifier
c:\users\mike\documents\github\dailyprojects_c\finalproject\gameprogram\gameprogram\menu.cpp(85): error C2065: 'fishGame': undeclared identifier
c:\users\mike\documents\github\dailyprojects_c\finalproject\gameprogram\gameprogram\menu.cpp(94): warning C4305: 'argument': truncation from 'double' to 'float'
c:\users\mike\documents\github\dailyprojects_c\finalproject\gameprogram\gameprogram\menu.cpp(98): warning C4305: 'argument': truncation from 'double' to 'float'
  War.cpp
c:\users\mike\documents\github\dailyprojects_c\finalproject\gameprogram\gameprogram\war.cpp(47): warning C4018: '<': signed/unsigned mismatch
c:\users\mike\documents\github\dailyprojects_c\finalproject\gameprogram\gameprogram\war.cpp(61): warning C4018: '<': signed/unsigned mismatch
c:\users\mike\documents\github\dailyprojects_c\finalproject\gameprogram\gameprogram\war.cpp(90): warning C4018: '<': signed/unsigned mismatch
c:\users\mike\documents\github\dailyprojects_c\finalproject\gameprogram\gameprogram\war.cpp(105): error C2065: 'menu': undeclared identifier
c:\users\mike\documents\github\dailyprojects_c\finalproject\gameprogram\gameprogram\war.cpp(106): error C2065: 'menu': undeclared identifier
c:\users\mike\documents\github\dailyprojects_c\finalproject\gameprogram\gameprogram\war.cpp(107): error C2065: 'menu': undeclared identifier
c:\users\mike\documents\github\dailyprojects_c\finalproject\gameprogram\gameprogram\war.cpp(108): error C2065: 'menu': undeclared identifier
c:\users\mike\documents\github\dailyprojects_c\finalproject\gameprogram\gameprogram\war.cpp(109): error C2065: 'menu': undeclared identifier
c:\users\mike\documents\github\dailyprojects_c\finalproject\gameprogram\gameprogram\war.cpp(110): error C2065: 'menu': undeclared identifier
c:\users\mike\documents\github\dailyprojects_c\finalproject\gameprogram\gameprogram\war.cpp(111): error C2065: 'menu': undeclared identifier
c:\users\mike\documents\github\dailyprojects_c\finalproject\gameprogram\gameprogram\war.cpp(112): error C2065: 'menu': undeclared identifier
c:\users\mike\documents\github\dailyprojects_c\finalproject\gameprogram\gameprogram\war.cpp(113): error C2065: 'menu': undeclared identifier
c:\users\mike\documents\github\dailyprojects_c\finalproject\gameprogram\gameprogram\war.cpp(114): error C2065: 'menu': undeclared identifier
c:\users\mike\documents\github\dailyprojects_c\finalproject\gameprogram\gameprogram\war.cpp(115): error C2065: 'menu': undeclared identifier
  Generating Code...
