  CardProgram.cpp
c:\users\mike\documents\github\dailyprojects_c\finalproject_v2\cardprogram\cardprogram\menu.h(36): warning C4305: 'initializing': truncation from 'double' to 'float'
c:\users\mike\documents\github\dailyprojects_c\finalproject_v2\cardprogram\cardprogram\menu.h(37): warning C4305: 'initializing': truncation from 'double' to 'float'
c:\users\mike\documents\github\dailyprojects_c\finalproject_v2\cardprogram\cardprogram\menu.h(38): warning C4305: 'initializing': truncation from 'double' to 'float'
  Game.cpp
  War.cpp
c:\users\mike\documents\github\dailyprojects_c\finalproject_v2\cardprogram\cardprogram\war.cpp(48): warning C4018: '<': signed/unsigned mismatch
c:\users\mike\documents\github\dailyprojects_c\finalproject_v2\cardprogram\cardprogram\war.cpp(62): warning C4018: '<': signed/unsigned mismatch
c:\users\mike\documents\github\dailyprojects_c\finalproject_v2\cardprogram\cardprogram\war.cpp(91): warning C4018: '<': signed/unsigned mismatch
c:\users\mike\documents\github\dailyprojects_c\finalproject_v2\cardprogram\cardprogram\war.cpp(103): warning C4018: '<': signed/unsigned mismatch
c:\users\mike\documents\github\dailyprojects_c\finalproject_v2\cardprogram\cardprogram\war.cpp(125): error C2664: 'void Game::Transfer(std::vector<std::string,std::allocator<_Ty>>,std::vector<_Ty,std::allocator<_Ty>>,int)': cannot convert argument 1 from 'std::string' to 'std::vector<std::string,std::allocator<_Ty>>'
          with
          [
              _Ty=std::string
          ]
  c:\users\mike\documents\github\dailyprojects_c\finalproject_v2\cardprogram\cardprogram\war.cpp(125): note: No user-defined-conversion operator available that can perform this conversion, or the operator cannot be called
c:\users\mike\documents\github\dailyprojects_c\finalproject_v2\cardprogram\cardprogram\war.cpp(126): error C2664: 'void Game::Transfer(std::vector<std::string,std::allocator<_Ty>>,std::vector<_Ty,std::allocator<_Ty>>,int)': cannot convert argument 1 from 'std::string (*)[52]' to 'std::vector<std::string,std::allocator<_Ty>>'
          with
          [
              _Ty=std::string
          ]
  c:\users\mike\documents\github\dailyprojects_c\finalproject_v2\cardprogram\cardprogram\war.cpp(126): note: No constructor could take the source type, or constructor overload resolution was ambiguous
  Generating Code...
